<?xml version="1.0" encoding="UTF-8"?>
<coverage generated="1779754582585" clover="3.2.0">
  <project timestamp="1779754582585" name="All files">
    <metrics statements="55" coveredstatements="35" conditionals="22" coveredconditionals="14" methods="13" coveredmethods="6" elements="90" coveredelements="55" complexity="0" loc="55" ncloc="55" packages="1" files="1" classes="1"/>
    <file name="app.js" path="C:\Users\ens-marcelobarbusa_u\Downloads\Projeto-20260525T232905Z-3-001\Projeto\backend\src\app.js">
      <metrics statements="55" coveredstatements="35" conditionals="22" coveredconditionals="14" methods="13" coveredmethods="6"/>
      <line num="1" count="4" type="stmt"/>
      <line num="2" count="4" type="stmt"/>
      <line num="5" count="4" type="stmt"/>
      <line num="8" count="4" type="stmt"/>
      <line num="9" count="12" type="stmt"/>
      <line num="10" count="4" type="stmt"/>
      <line num="11" count="4" type="cond" truecount="4" falsecount="0"/>
      <line num="12" count="2" type="stmt"/>
      <line num="14" count="2" type="stmt"/>
      <line num="19" count="4" type="stmt"/>
      <line num="20" count="0" type="stmt"/>
      <line num="21" count="0" type="stmt"/>
      <line num="24" count="4" type="stmt"/>
      <line num="25" count="0" type="stmt"/>
      <line num="26" count="0" type="stmt"/>
      <line num="30" count="4" type="stmt"/>
      <line num="31" count="1" type="stmt"/>
      <line num="35" count="1" type="stmt"/>
      <line num="39" count="4" type="stmt"/>
      <line num="40" count="2" type="stmt"/>
      <line num="42" count="2" type="cond" truecount="2" falsecount="0"/>
      <line num="43" count="1" type="stmt"/>
      <line num="45" count="1" type="cond" truecount="1" falsecount="1"/>
      <line num="46" count="0" type="stmt"/>
      <line num="48" count="1" type="cond" truecount="1" falsecount="1"/>
      <line num="49" count="0" type="stmt"/>
      <line num="52" count="1" type="stmt"/>
      <line num="56" count="4" type="stmt"/>
      <line num="57" count="1" type="stmt"/>
      <line num="64" count="4" type="stmt"/>
      <line num="65" count="2" type="stmt"/>
      <line num="67" count="2" type="cond" truecount="1" falsecount="1"/>
      <line num="68" count="0" type="stmt"/>
      <line num="72" count="2" type="cond" truecount="4" falsecount="0"/>
      <line num="73" count="1" type="stmt"/>
      <line num="74" count="1" type="cond" truecount="1" falsecount="1"/>
      <line num="75" count="0" type="stmt"/>
      <line num="79" count="1" type="stmt"/>
      <line num="83" count="4" type="stmt"/>
      <line num="84" count="0" type="stmt"/>
      <line num="85" count="0" type="stmt"/>
      <line num="86" count="0" type="cond" truecount="0" falsecount="4"/>
      <line num="87" count="0" type="stmt"/>
      <line num="89" count="0" type="stmt"/>
      <line num="94" count="4" type="stmt"/>
      <line num="95" count="0" type="stmt"/>
      <line num="96" count="0" type="stmt"/>
      <line num="99" count="4" type="stmt"/>
      <line num="100" count="0" type="stmt"/>
      <line num="101" count="0" type="stmt"/>
      <line num="105" count="4" type="stmt"/>
      <line num="106" count="0" type="stmt"/>
      <line num="109" count="0" type="stmt"/>
      <line num="114" count="0" type="stmt"/>
      <line num="118" count="4" type="stmt"/>
    </file>
  </project>
</coverage>
