{"C:\\Users\\ens-marcelobarbusa_u\\Downloads\\Projeto-20260525T232905Z-3-001\\Projeto\\backend\\src\\app.js": {"path":"C:\\Users\\ens-marcelobarbusa_u\\Downloads\\Projeto-20260525T232905Z-3-001\\Projeto\\backend\\src\\app.js","statementMap":{"0":{"start":{"line":1,"column":16},"end":{"line":1,"column":34}},"1":{"start":{"line":2,"column":12},"end":{"line":2,"column":21}},"2":{"start":{"line":5,"column":0},"end":{"line":5,"column":24}},"3":{"start":{"line":8,"column":18},"end":{"line":16,"column":1}},"4":{"start":{"line":9,"column":4},"end":{"line":15,"column":6}},"5":{"start":{"line":10,"column":25},"end":{"line":10,"column":51}},"6":{"start":{"line":11,"column":8},"end":{"line":13,"column":9}},"7":{"start":{"line":12,"column":12},"end":{"line":12,"column":91}},"8":{"start":{"line":14,"column":8},"end":{"line":14,"column":15}},"9":{"start":{"line":19,"column":0},"end":{"line":22,"column":3}},"10":{"start":{"line":20,"column":4},"end":{"line":20,"column":90}},"11":{"start":{"line":21,"column":4},"end":{"line":21,"column":86}},"12":{"start":{"line":24,"column":0},"end":{"line":27,"column":3}},"13":{"start":{"line":25,"column":4},"end":{"line":25,"column":83}},"14":{"start":{"line":26,"column":4},"end":{"line":26,"column":61}},"15":{"start":{"line":30,"column":0},"end":{"line":36,"column":3}},"16":{"start":{"line":31,"column":25},"end":{"line":34,"column":5}},"17":{"start":{"line":35,"column":4},"end":{"line":35,"column":49}},"18":{"start":{"line":39,"column":0},"end":{"line":53,"column":3}},"19":{"start":{"line":40,"column":74},"end":{"line":40,"column":82}},"20":{"start":{"line":42,"column":4},"end":{"line":44,"column":5}},"21":{"start":{"line":43,"column":8},"end":{"line":43,"column":109}},"22":{"start":{"line":45,"column":4},"end":{"line":47,"column":5}},"23":{"start":{"line":46,"column":8},"end":{"line":46,"column":104}},"24":{"start":{"line":48,"column":4},"end":{"line":50,"column":5}},"25":{"start":{"line":49,"column":8},"end":{"line":49,"column":110}},"26":{"start":{"line":52,"column":4},"end":{"line":52,"column":75}},"27":{"start":{"line":56,"column":0},"end":{"line":61,"column":3}},"28":{"start":{"line":57,"column":4},"end":{"line":60,"column":7}},"29":{"start":{"line":64,"column":0},"end":{"line":80,"column":3}},"30":{"start":{"line":65,"column":21},"end":{"line":65,"column":47}},"31":{"start":{"line":67,"column":4},"end":{"line":69,"column":5}},"32":{"start":{"line":68,"column":8},"end":{"line":68,"column":87}},"33":{"start":{"line":72,"column":4},"end":{"line":76,"column":5}},"34":{"start":{"line":73,"column":8},"end":{"line":73,"column":97}},"35":{"start":{"line":74,"column":11},"end":{"line":76,"column":5}},"36":{"start":{"line":75,"column":8},"end":{"line":75,"column":97}},"37":{"start":{"line":79,"column":4},"end":{"line":79,"column":114}},"38":{"start":{"line":83,"column":0},"end":{"line":83,"column":21}},"39":{"start":{"line":83,"column":21},"end":{"line":91,"column":2}},"40":{"start":{"line":84,"column":4},"end":{"line":90,"column":6}},"41":{"start":{"line":85,"column":25},"end":{"line":85,"column":51}},"42":{"start":{"line":86,"column":8},"end":{"line":88,"column":9}},"43":{"start":{"line":87,"column":12},"end":{"line":87,"column":91}},"44":{"start":{"line":89,"column":8},"end":{"line":89,"column":15}},"45":{"start":{"line":94,"column":0},"end":{"line":97,"column":3}},"46":{"start":{"line":95,"column":4},"end":{"line":95,"column":90}},"47":{"start":{"line":96,"column":4},"end":{"line":96,"column":86}},"48":{"start":{"line":99,"column":0},"end":{"line":102,"column":3}},"49":{"start":{"line":100,"column":4},"end":{"line":100,"column":83}},"50":{"start":{"line":101,"column":4},"end":{"line":101,"column":61}},"51":{"start":{"line":105,"column":0},"end":{"line":115,"column":3}},"52":{"start":{"line":106,"column":4},"end":{"line":106,"column":85}},"53":{"start":{"line":109,"column":25},"end":{"line":112,"column":5}},"54":{"start":{"line":114,"column":4},"end":{"line":114,"column":49}},"55":{"start":{"line":118,"column":0},"end":{"line":118,"column":21}}},"fnMap":{"0":{"name":"(anonymous_0)","decl":{"start":{"line":8,"column":18},"end":{"line":8,"column":19}},"loc":{"start":{"line":8,"column":36},"end":{"line":16,"column":1}},"line":8},"1":{"name":"(anonymous_1)","decl":{"start":{"line":9,"column":11},"end":{"line":9,"column":12}},"loc":{"start":{"line":9,"column":31},"end":{"line":15,"column":5}},"line":9},"2":{"name":"(anonymous_2)","decl":{"start":{"line":19,"column":23},"end":{"line":19,"column":24}},"loc":{"start":{"line":19,"column":37},"end":{"line":22,"column":1}},"line":19},"3":{"name":"(anonymous_3)","decl":{"start":{"line":24,"column":24},"end":{"line":24,"column":25}},"loc":{"start":{"line":24,"column":38},"end":{"line":27,"column":1}},"line":24},"4":{"name":"(anonymous_4)","decl":{"start":{"line":30,"column":77},"end":{"line":30,"column":78}},"loc":{"start":{"line":30,"column":91},"end":{"line":36,"column":1}},"line":30},"5":{"name":"(anonymous_5)","decl":{"start":{"line":39,"column":26},"end":{"line":39,"column":27}},"loc":{"start":{"line":39,"column":40},"end":{"line":53,"column":1}},"line":39},"6":{"name":"(anonymous_6)","decl":{"start":{"line":56,"column":72},"end":{"line":56,"column":73}},"loc":{"start":{"line":56,"column":86},"end":{"line":61,"column":1}},"line":56},"7":{"name":"(anonymous_7)","decl":{"start":{"line":64,"column":26},"end":{"line":64,"column":27}},"loc":{"start":{"line":64,"column":40},"end":{"line":80,"column":1}},"line":64},"8":{"name":"(anonymous_8)","decl":{"start":{"line":83,"column":29},"end":{"line":83,"column":30}},"loc":{"start":{"line":83,"column":47},"end":{"line":91,"column":1}},"line":83},"9":{"name":"(anonymous_9)","decl":{"start":{"line":84,"column":11},"end":{"line":84,"column":12}},"loc":{"start":{"line":84,"column":31},"end":{"line":90,"column":5}},"line":84},"10":{"name":"(anonymous_10)","decl":{"start":{"line":94,"column":23},"end":{"line":94,"column":24}},"loc":{"start":{"line":94,"column":37},"end":{"line":97,"column":1}},"line":94},"11":{"name":"(anonymous_11)","decl":{"start":{"line":99,"column":24},"end":{"line":99,"column":25}},"loc":{"start":{"line":99,"column":38},"end":{"line":102,"column":1}},"line":99},"12":{"name":"(anonymous_12)","decl":{"start":{"line":105,"column":77},"end":{"line":105,"column":78}},"loc":{"start":{"line":105,"column":91},"end":{"line":115,"column":1}},"line":105}},"branchMap":{"0":{"loc":{"start":{"line":11,"column":8},"end":{"line":13,"column":9}},"type":"if","locations":[{"start":{"line":11,"column":8},"end":{"line":13,"column":9}},{"start":{},"end":{}}],"line":11},"1":{"loc":{"start":{"line":11,"column":12},"end":{"line":11,"column":57}},"type":"binary-expr","locations":[{"start":{"line":11,"column":12},"end":{"line":11,"column":21}},{"start":{"line":11,"column":25},"end":{"line":11,"column":57}}],"line":11},"2":{"loc":{"start":{"line":42,"column":4},"end":{"line":44,"column":5}},"type":"if","locations":[{"start":{"line":42,"column":4},"end":{"line":44,"column":5}},{"start":{},"end":{}}],"line":42},"3":{"loc":{"start":{"line":45,"column":4},"end":{"line":47,"column":5}},"type":"if","locations":[{"start":{"line":45,"column":4},"end":{"line":47,"column":5}},{"start":{},"end":{}}],"line":45},"4":{"loc":{"start":{"line":48,"column":4},"end":{"line":50,"column":5}},"type":"if","locations":[{"start":{"line":48,"column":4},"end":{"line":50,"column":5}},{"start":{},"end":{}}],"line":48},"5":{"loc":{"start":{"line":67,"column":4},"end":{"line":69,"column":5}},"type":"if","locations":[{"start":{"line":67,"column":4},"end":{"line":69,"column":5}},{"start":{},"end":{}}],"line":67},"6":{"loc":{"start":{"line":72,"column":4},"end":{"line":76,"column":5}},"type":"if","locations":[{"start":{"line":72,"column":4},"end":{"line":76,"column":5}},{"start":{"line":74,"column":11},"end":{"line":76,"column":5}}],"line":72},"7":{"loc":{"start":{"line":72,"column":8},"end":{"line":72,"column":58}},"type":"binary-expr","locations":[{"start":{"line":72,"column":8},"end":{"line":72,"column":29}},{"start":{"line":72,"column":33},"end":{"line":72,"column":58}}],"line":72},"8":{"loc":{"start":{"line":74,"column":11},"end":{"line":76,"column":5}},"type":"if","locations":[{"start":{"line":74,"column":11},"end":{"line":76,"column":5}},{"start":{},"end":{}}],"line":74},"9":{"loc":{"start":{"line":86,"column":8},"end":{"line":88,"column":9}},"type":"if","locations":[{"start":{"line":86,"column":8},"end":{"line":88,"column":9}},{"start":{},"end":{}}],"line":86},"10":{"loc":{"start":{"line":86,"column":12},"end":{"line":86,"column":57}},"type":"binary-expr","locations":[{"start":{"line":86,"column":12},"end":{"line":86,"column":21}},{"start":{"line":86,"column":25},"end":{"line":86,"column":57}}],"line":86}},"s":{"0":4,"1":4,"2":4,"3":4,"4":12,"5":4,"6":4,"7":2,"8":2,"9":4,"10":0,"11":0,"12":4,"13":0,"14":0,"15":4,"16":1,"17":1,"18":4,"19":2,"20":2,"21":1,"22":1,"23":0,"24":1,"25":0,"26":1,"27":4,"28":1,"29":4,"30":2,"31":2,"32":0,"33":2,"34":1,"35":1,"36":0,"37":1,"38":4,"39":4,"40":0,"41":0,"42":0,"43":0,"44":0,"45":4,"46":0,"47":0,"48":4,"49":0,"50":0,"51":4,"52":0,"53":0,"54":0,"55":4},"f":{"0":12,"1":4,"2":0,"3":0,"4":1,"5":2,"6":1,"7":2,"8":0,"9":0,"10":0,"11":0,"12":0},"b":{"0":[2,2],"1":[4,4],"2":[1,1],"3":[0,1],"4":[0,1],"5":[0,2],"6":[1,1],"7":[2,1],"8":[0,1],"9":[0,0],"10":[0,0]},"_coverageSchema":"1a1c01bbd47fc00a2c39e90264f33305004495a9","hash":"4df44cad4142fd340b063326f187a84c4aa03fb3"}
}
