TN:
SF:src\app.js
FN:8,(anonymous_0)
FN:9,(anonymous_1)
FN:19,(anonymous_2)
FN:24,(anonymous_3)
FN:30,(anonymous_4)
FN:39,(anonymous_5)
FN:56,(anonymous_6)
FN:64,(anonymous_7)
FN:83,(anonymous_8)
FN:84,(anonymous_9)
FN:94,(anonymous_10)
FN:99,(anonymous_11)
FN:105,(anonymous_12)
FNF:13
FNH:6
FNDA:12,(anonymous_0)
FNDA:4,(anonymous_1)
FNDA:0,(anonymous_2)
FNDA:0,(anonymous_3)
FNDA:1,(anonymous_4)
FNDA:2,(anonymous_5)
FNDA:1,(anonymous_6)
FNDA:2,(anonymous_7)
FNDA:0,(anonymous_8)
FNDA:0,(anonymous_9)
FNDA:0,(anonymous_10)
FNDA:0,(anonymous_11)
FNDA:0,(anonymous_12)
DA:1,4
DA:2,4
DA:5,4
DA:8,4
DA:9,12
DA:10,4
DA:11,4
DA:12,2
DA:14,2
DA:19,4
DA:20,0
DA:21,0
DA:24,4
DA:25,0
DA:26,0
DA:30,4
DA:31,1
DA:35,1
DA:39,4
DA:40,2
DA:42,2
DA:43,1
DA:45,1
DA:46,0
DA:48,1
DA:49,0
DA:52,1
DA:56,4
DA:57,1
DA:64,4
DA:65,2
DA:67,2
DA:68,0
DA:72,2
DA:73,1
DA:74,1
DA:75,0
DA:79,1
DA:83,4
DA:84,0
DA:85,0
DA:86,0
DA:87,0
DA:89,0
DA:94,4
DA:95,0
DA:96,0
DA:99,4
DA:100,0
DA:101,0
DA:105,4
DA:106,0
DA:109,0
DA:114,0
DA:118,4
LF:55
LH:35
BRDA:11,0,0,2
BRDA:11,0,1,2
BRDA:11,1,0,4
BRDA:11,1,1,4
BRDA:42,2,0,1
BRDA:42,2,1,1
BRDA:45,3,0,0
BRDA:45,3,1,1
BRDA:48,4,0,0
BRDA:48,4,1,1
BRDA:67,5,0,0
BRDA:67,5,1,2
BRDA:72,6,0,1
BRDA:72,6,1,1
BRDA:72,7,0,2
BRDA:72,7,1,1
BRDA:74,8,0,0
BRDA:74,8,1,1
BRDA:86,9,0,0
BRDA:86,9,1,0
BRDA:86,10,0,0
BRDA:86,10,1,0
BRF:22
BRH:14
end_of_record
